<?xml version="1.0" encoding="UTF-8"?>
<!-- Generated by org.testng.reporters.JUnitXMLReporter -->
<testsuite ignored="0" hostname="MAHESH-LAPTOP" failures="0" tests="15" name="Default test" time="28.805" errors="0" timestamp="2024-10-01T18:10:56 IST">
  <testcase classname="api.test.UserAPITest_DDT" name="testCreateUser" time="4.695"/>
  <testcase classname="api.test.UserAPITest_DDT" name="testCreateUser" time="1.677"/>
  <testcase classname="api.test.UserAPITest_DDT" name="testCreateUser" time="1.735"/>
  <testcase classname="api.test.UserAPITest_DDT" name="testCreateUser" time="1.7"/>
  <testcase classname="api.test.UserAPITest_DDT" name="testCreateUser" time="1.553"/>
  <testcase classname="api.test.UserAPITest_DDT" name="testReadUserByName" time="1.38"/>
  <testcase classname="api.test.UserAPITest_DDT" name="testReadUserByName" time="1.841"/>
  <testcase classname="api.test.UserAPITest_DDT" name="testReadUserByName" time="1.624"/>
  <testcase classname="api.test.UserAPITest_DDT" name="testReadUserByName" time="1.839"/>
  <testcase classname="api.test.UserAPITest_DDT" name="testReadUserByName" time="1.414"/>
  <testcase classname="api.test.UserAPITest_DDT" name="testDeleteUserByName" time="1.579"/>
  <testcase classname="api.test.UserAPITest_DDT" name="testDeleteUserByName" time="1.541"/>
  <testcase classname="api.test.UserAPITest_DDT" name="testDeleteUserByName" time="1.241"/>
  <testcase classname="api.test.UserAPITest_DDT" name="testDeleteUserByName" time="1.24"/>
  <testcase classname="api.test.UserAPITest_DDT" name="testDeleteUserByName" time="1.249"/>
</testsuite> <!-- Default test -->
