<?xml version="1.0" encoding="UTF-8"?>
<!-- Generated by org.testng.reporters.JUnitXMLReporter -->
<testsuite ignored="0" hostname="MAHESH-LAPTOP" failures="0" tests="6" name="Test" time="14.211" errors="0" timestamp="2024-10-01T23:02:37 IST">
  <testcase classname="api.test.UserAPITest_POJO" name="testCreateUser" time="4.606"/>
  <testcase classname="api.test.UserAPITest_POJO" name="testReadUser1" time="1.985"/>
  <testcase classname="api.test.UserAPITest_POJO" name="testUpdateUser" time="2.03"/>
  <testcase classname="api.test.UserAPITest_POJO" name="testReadUser2" time="1.732"/>
  <testcase classname="api.test.UserAPITest_POJO" name="testDeleteUser" time="1.634"/>
  <testcase classname="api.test.UserAPITest_POJO" name="testReadUser3" time="1.525"/>
</testsuite> <!-- Test -->
