<?xml version="1.0" encoding="UTF-8"?>
<testng-results ignored="0" total="6" passed="6" failed="0" skipped="0">
  <reporter-output>
  </reporter-output>
  <suite started-at="2024-10-02T10:27:15 IST" name="User API Suite" finished-at="2024-10-02T10:27:29 IST" duration-ms="14331">
    <groups>
    </groups>
    <test started-at="2024-10-02T10:27:15 IST" name="User API Test" finished-at="2024-10-02T10:27:29 IST" duration-ms="14331">
      <class name="api.test.UserAPITest_POJO2">
        <test-method is-config="true" signature="setup()[pri:0, instance:api.test.UserAPITest_POJO2@58ffcbd7]" started-at="2024-10-02T10:27:15 IST" name="setup" finished-at="2024-10-02T10:27:15 IST" duration-ms="140" status="PASS">
          <reporter-output>
          </reporter-output>
        </test-method> <!-- setup -->
        <test-method signature="testCreateUser()[pri:1, instance:api.test.UserAPITest_POJO2@58ffcbd7]" started-at="2024-10-02T10:27:15 IST" name="testCreateUser" finished-at="2024-10-02T10:27:19 IST" duration-ms="3808" status="PASS">
          <reporter-output>
          </reporter-output>
        </test-method> <!-- testCreateUser -->
        <test-method signature="testReadUser1()[pri:2, instance:api.test.UserAPITest_POJO2@58ffcbd7]" started-at="2024-10-02T10:27:19 IST" name="testReadUser1" finished-at="2024-10-02T10:27:21 IST" duration-ms="1923" status="PASS">
          <reporter-output>
          </reporter-output>
        </test-method> <!-- testReadUser1 -->
        <test-method signature="testUpdateUser()[pri:3, instance:api.test.UserAPITest_POJO2@58ffcbd7]" started-at="2024-10-02T10:27:21 IST" name="testUpdateUser" finished-at="2024-10-02T10:27:23 IST" duration-ms="1613" status="PASS">
          <reporter-output>
          </reporter-output>
        </test-method> <!-- testUpdateUser -->
        <test-method signature="testReadUser2()[pri:4, instance:api.test.UserAPITest_POJO2@58ffcbd7]" started-at="2024-10-02T10:27:23 IST" name="testReadUser2" finished-at="2024-10-02T10:27:24 IST" duration-ms="1845" status="PASS">
          <reporter-output>
          </reporter-output>
        </test-method> <!-- testReadUser2 -->
        <test-method signature="testDeleteUser()[pri:5, instance:api.test.UserAPITest_POJO2@58ffcbd7]" started-at="2024-10-02T10:27:24 IST" name="testDeleteUser" finished-at="2024-10-02T10:27:26 IST" duration-ms="1845" status="PASS">
          <reporter-output>
          </reporter-output>
        </test-method> <!-- testDeleteUser -->
        <test-method signature="testReadUser3()[pri:6, instance:api.test.UserAPITest_POJO2@58ffcbd7]" started-at="2024-10-02T10:27:26 IST" name="testReadUser3" finished-at="2024-10-02T10:27:29 IST" duration-ms="2964" status="PASS">
          <reporter-output>
          </reporter-output>
        </test-method> <!-- testReadUser3 -->
      </class> <!-- api.test.UserAPITest_POJO2 -->
    </test> <!-- User API Test -->
  </suite> <!-- User API Suite -->
</testng-results>
