<?xml version="1.0" encoding="UTF-8"?>
<testng-results ignored="0" total="6" passed="6" failed="0" skipped="0">
  <reporter-output>
  </reporter-output>
  <suite started-at="2024-10-02T09:16:32 IST" name="User API Suite" finished-at="2024-10-02T09:16:45 IST" duration-ms="13614">
    <groups>
    </groups>
    <test started-at="2024-10-02T09:16:32 IST" name="User API Test" finished-at="2024-10-02T09:16:45 IST" duration-ms="13614">
      <class name="api.test.UserAPITest_POJO2">
        <test-method is-config="true" signature="setup()[pri:0, instance:api.test.UserAPITest_POJO2@68b6f0d6]" started-at="2024-10-02T09:16:32 IST" name="setup" finished-at="2024-10-02T09:16:32 IST" duration-ms="181" status="PASS">
          <reporter-output>
          </reporter-output>
        </test-method> <!-- setup -->
        <test-method signature="testCreateUser()[pri:1, instance:api.test.UserAPITest_POJO2@68b6f0d6]" started-at="2024-10-02T09:16:32 IST" name="testCreateUser" finished-at="2024-10-02T09:16:37 IST" duration-ms="4905" status="PASS">
          <reporter-output>
          </reporter-output>
        </test-method> <!-- testCreateUser -->
        <test-method signature="testReadUser1()[pri:2, instance:api.test.UserAPITest_POJO2@68b6f0d6]" started-at="2024-10-02T09:16:37 IST" name="testReadUser1" finished-at="2024-10-02T09:16:39 IST" duration-ms="1560" status="PASS">
          <reporter-output>
          </reporter-output>
        </test-method> <!-- testReadUser1 -->
        <test-method signature="testUpdateUser()[pri:3, instance:api.test.UserAPITest_POJO2@68b6f0d6]" started-at="2024-10-02T09:16:39 IST" name="testUpdateUser" finished-at="2024-10-02T09:16:40 IST" duration-ms="1493" status="PASS">
          <reporter-output>
          </reporter-output>
        </test-method> <!-- testUpdateUser -->
        <test-method signature="testReadUser2()[pri:4, instance:api.test.UserAPITest_POJO2@68b6f0d6]" started-at="2024-10-02T09:16:40 IST" name="testReadUser2" finished-at="2024-10-02T09:16:42 IST" duration-ms="1707" status="PASS">
          <reporter-output>
          </reporter-output>
        </test-method> <!-- testReadUser2 -->
        <test-method signature="testDeleteUser()[pri:5, instance:api.test.UserAPITest_POJO2@68b6f0d6]" started-at="2024-10-02T09:16:42 IST" name="testDeleteUser" finished-at="2024-10-02T09:16:43 IST" duration-ms="1528" status="PASS">
          <reporter-output>
          </reporter-output>
        </test-method> <!-- testDeleteUser -->
        <test-method signature="testReadUser3()[pri:6, instance:api.test.UserAPITest_POJO2@68b6f0d6]" started-at="2024-10-02T09:16:43 IST" name="testReadUser3" finished-at="2024-10-02T09:16:45 IST" duration-ms="1840" status="PASS">
          <reporter-output>
          </reporter-output>
        </test-method> <!-- testReadUser3 -->
      </class> <!-- api.test.UserAPITest_POJO2 -->
    </test> <!-- User API Test -->
  </suite> <!-- User API Suite -->
</testng-results>
