<?xml version="1.0" encoding="UTF-8"?>
<testng-results ignored="0" total="6" passed="6" failed="0" skipped="0">
  <reporter-output>
  </reporter-output>
  <suite started-at="2024-10-03T16:59:54 IST" name="User API Suite" finished-at="2024-10-03T17:00:08 IST" duration-ms="13670">
    <groups>
    </groups>
    <test started-at="2024-10-03T16:59:54 IST" name="User API Test" finished-at="2024-10-03T17:00:08 IST" duration-ms="13670">
      <class name="api.test.UserAPITest_POJO">
        <test-method is-config="true" signature="setup()[pri:0, instance:api.test.UserAPITest_POJO@4044fb95]" started-at="2024-10-03T16:59:55 IST" name="setup" finished-at="2024-10-03T16:59:55 IST" duration-ms="167" status="PASS">
          <reporter-output>
          </reporter-output>
        </test-method> <!-- setup -->
        <test-method signature="testCreateUser()[pri:1, instance:api.test.UserAPITest_POJO@4044fb95]" started-at="2024-10-03T16:59:55 IST" name="testCreateUser" finished-at="2024-10-03T16:59:59 IST" duration-ms="3733" status="PASS">
          <reporter-output>
          </reporter-output>
        </test-method> <!-- testCreateUser -->
        <test-method signature="testReadUser1()[pri:2, instance:api.test.UserAPITest_POJO@4044fb95]" started-at="2024-10-03T16:59:59 IST" name="testReadUser1" finished-at="2024-10-03T17:00:00 IST" duration-ms="1948" status="PASS">
          <reporter-output>
          </reporter-output>
        </test-method> <!-- testReadUser1 -->
        <test-method signature="testUpdateUser()[pri:3, instance:api.test.UserAPITest_POJO@4044fb95]" started-at="2024-10-03T17:00:01 IST" name="testUpdateUser" finished-at="2024-10-03T17:00:02 IST" duration-ms="1624" status="PASS">
          <reporter-output>
          </reporter-output>
        </test-method> <!-- testUpdateUser -->
        <test-method signature="testReadUser2()[pri:4, instance:api.test.UserAPITest_POJO@4044fb95]" started-at="2024-10-03T17:00:02 IST" name="testReadUser2" finished-at="2024-10-03T17:00:04 IST" duration-ms="2039" status="PASS">
          <reporter-output>
          </reporter-output>
        </test-method> <!-- testReadUser2 -->
        <test-method signature="testDeleteUser()[pri:5, instance:api.test.UserAPITest_POJO@4044fb95]" started-at="2024-10-03T17:00:04 IST" name="testDeleteUser" finished-at="2024-10-03T17:00:06 IST" duration-ms="1732" status="PASS">
          <reporter-output>
          </reporter-output>
        </test-method> <!-- testDeleteUser -->
        <test-method signature="testReadUser3()[pri:6, instance:api.test.UserAPITest_POJO@4044fb95]" started-at="2024-10-03T17:00:06 IST" name="testReadUser3" finished-at="2024-10-03T17:00:08 IST" duration-ms="2142" status="PASS">
          <reporter-output>
          </reporter-output>
        </test-method> <!-- testReadUser3 -->
      </class> <!-- api.test.UserAPITest_POJO -->
    </test> <!-- User API Test -->
  </suite> <!-- User API Suite -->
</testng-results>
