<?xml version="1.0" encoding="UTF-8"?>
<!-- Generated by org.testng.reporters.JUnitXMLReporter -->
<testsuite ignored="0" hostname="MAHESH-LAPTOP" failures="0" tests="6" name="User API Test" time="13.614" errors="0" timestamp="2024-10-02T09:16:46 IST">
  <testcase classname="api.test.UserAPITest_POJO2" name="testCreateUser" time="4.905"/>
  <testcase classname="api.test.UserAPITest_POJO2" name="testReadUser1" time="1.56"/>
  <testcase classname="api.test.UserAPITest_POJO2" name="testUpdateUser" time="1.493"/>
  <testcase classname="api.test.UserAPITest_POJO2" name="testReadUser2" time="1.707"/>
  <testcase classname="api.test.UserAPITest_POJO2" name="testDeleteUser" time="1.528"/>
  <testcase classname="api.test.UserAPITest_POJO2" name="testReadUser3" time="1.84"/>
</testsuite> <!-- User API Test -->
